The system is: Linux - 3.10.0-514.16.1.el7.x86_64 - x86_64
Compiling the C compiler identification source file "CMakeCCompilerId.c" succeeded.
Compiler: /usr/local/bin/gcc 
Build flags: 
Id flags: 

The output was:
0


Compilation of the C compiler identification source "CMakeCCompilerId.c" produced "a.out"

The C compiler identification is GNU, found in "/home/wuhui/mkl-dnn/cmake/CMakeFiles/3.5.2/CompilerIdC/a.out"

Compiling the CXX compiler identification source file "CMakeCXXCompilerId.cpp" succeeded.
Compiler: /usr/local/bin/g++ 
Build flags: 
Id flags: 

The output was:
0


Compilation of the CXX compiler identification source "CMakeCXXCompilerId.cpp" produced "a.out"

The CXX compiler identification is GNU, found in "/home/wuhui/mkl-dnn/cmake/CMakeFiles/3.5.2/CompilerIdCXX/a.out"

Determining if the C compiler works passed with the following output:
Change Dir: /home/wuhui/mkl-dnn/cmake/CMakeFiles/CMakeTmp

Run Build Command:"/usr/bin/gmake" "cmTC_2fc32/fast"
/usr/bin/gmake -f CMakeFiles/cmTC_2fc32.dir/build.make CMakeFiles/cmTC_2fc32.dir/build
gmake[1]: Entering directory `/home/wuhui/mkl-dnn/cmake/CMakeFiles/CMakeTmp'
Building C object CMakeFiles/cmTC_2fc32.dir/testCCompiler.c.o
/usr/local/bin/gcc     -o CMakeFiles/cmTC_2fc32.dir/testCCompiler.c.o   -c /home/wuhui/mkl-dnn/cmake/CMakeFiles/CMakeTmp/testCCompiler.c
Linking C executable cmTC_2fc32
/usr/local/bin/cmake -E cmake_link_script CMakeFiles/cmTC_2fc32.dir/link.txt --verbose=1
/usr/local/bin/gcc       CMakeFiles/cmTC_2fc32.dir/testCCompiler.c.o  -o cmTC_2fc32 
gmake[1]: Leaving directory `/home/wuhui/mkl-dnn/cmake/CMakeFiles/CMakeTmp'


Detecting C compiler ABI info compiled with the following output:
Change Dir: /home/wuhui/mkl-dnn/cmake/CMakeFiles/CMakeTmp

Run Build Command:"/usr/bin/gmake" "cmTC_d1c05/fast"
/usr/bin/gmake -f CMakeFiles/cmTC_d1c05.dir/build.make CMakeFiles/cmTC_d1c05.dir/build
gmake[1]: Entering directory `/home/wuhui/mkl-dnn/cmake/CMakeFiles/CMakeTmp'
Building C object CMakeFiles/cmTC_d1c05.dir/CMakeCCompilerABI.c.o
/usr/local/bin/gcc     -o CMakeFiles/cmTC_d1c05.dir/CMakeCCompilerABI.c.o   -c /usr/local/share/cmake-3.5/Modules/CMakeCCompilerABI.c
Linking C executable cmTC_d1c05
/usr/local/bin/cmake -E cmake_link_script CMakeFiles/cmTC_d1c05.dir/link.txt --verbose=1
/usr/local/bin/gcc      -v CMakeFiles/cmTC_d1c05.dir/CMakeCCompilerABI.c.o  -o cmTC_d1c05  
Using built-in specs.
COLLECT_GCC=/usr/local/bin/gcc
COLLECT_LTO_WRAPPER=/usr/local/libexec/gcc/x86_64-pc-linux-gnu/8.0.0/lto-wrapper
Target: x86_64-pc-linux-gnu
Configured with: ./configure --with-system-zlib --disable-multilib --enable-languages=c,c++
Thread model: posix
gcc version 8.0.0 20171215 (experimental) (GCC) 
COMPILER_PATH=/usr/local/libexec/gcc/x86_64-pc-linux-gnu/8.0.0/:/usr/local/libexec/gcc/x86_64-pc-linux-gnu/8.0.0/:/usr/local/libexec/gcc/x86_64-pc-linux-gnu/:/usr/local/lib/gcc/x86_64-pc-linux-gnu/8.0.0/:/usr/local/lib/gcc/x86_64-pc-linux-gnu/:/usr/local/lib/gcc/x86_64-pc-linux-gnu/8.0.0/../../../../x86_64-pc-linux-gnu/bin/
LIBRARY_PATH=/usr/local/lib/gcc/x86_64-pc-linux-gnu/8.0.0/:/usr/local/lib/gcc/x86_64-pc-linux-gnu/8.0.0/../../../../lib64/:/lib/../lib64/:/usr/lib/../lib64/:/opt/intel/compilers_and_libraries_2017.4.196/linux/ipp/lib/intel64/:/opt/intel/compilers_and_libraries_2017.4.196/linux/compiler/lib/intel64_lin/:/opt/intel/compilers_and_libraries_2017.4.196/linux/mkl/lib/intel64_lin/:/opt/intel/compilers_and_libraries_2017.4.196/linux/tbb/lib/intel64/gcc4.7/:/opt/intel/compilers_and_libraries_2017.4.196/linux/daal/lib/intel64_lin/:/opt/intel/compilers_and_libraries_2017.4.196/linux/daal/../tbb/lib/intel64_lin/gcc4.4/:/opt/intel/compilers_and_libraries_2018.0.128/linux/tbb/lib/intel64_lin/gcc4.7/:/opt/intel/compilers_and_libraries_2018.0.128/linux/compiler/lib/intel64_lin/:/opt/intel/compilers_and_libraries_2018.0.128/linux/mkl/lib/intel64_lin/:/usr/local/lib/gcc/x86_64-pc-linux-gnu/8.0.0/../../../../x86_64-pc-linux-gnu/lib/:/usr/local/lib/gcc/x86_64-pc-linux-gnu/8.0.0/../../../:/lib/:/usr/lib/
COLLECT_GCC_OPTIONS='-v' '-o' 'cmTC_d1c05' '-mtune=generic' '-march=x86-64'
 /usr/local/libexec/gcc/x86_64-pc-linux-gnu/8.0.0/collect2 -plugin /usr/local/libexec/gcc/x86_64-pc-linux-gnu/8.0.0/liblto_plugin.so -plugin-opt=/usr/local/libexec/gcc/x86_64-pc-linux-gnu/8.0.0/lto-wrapper -plugin-opt=-fresolution=/tmp/ccHBI04y.res -plugin-opt=-pass-through=-lgcc -plugin-opt=-pass-through=-lgcc_s -plugin-opt=-pass-through=-lc -plugin-opt=-pass-through=-lgcc -plugin-opt=-pass-through=-lgcc_s --eh-frame-hdr -m elf_x86_64 -dynamic-linker /lib64/ld-linux-x86-64.so.2 -o cmTC_d1c05 /lib/../lib64/crt1.o /lib/../lib64/crti.o /usr/local/lib/gcc/x86_64-pc-linux-gnu/8.0.0/crtbegin.o -L/usr/local/lib/gcc/x86_64-pc-linux-gnu/8.0.0 -L/usr/local/lib/gcc/x86_64-pc-linux-gnu/8.0.0/../../../../lib64 -L/lib/../lib64 -L/usr/lib/../lib64 -L/opt/intel/compilers_and_libraries_2017.4.196/linux/ipp/lib/intel64 -L/opt/intel/compilers_and_libraries_2017.4.196/linux/compiler/lib/intel64_lin -L/opt/intel/compilers_and_libraries_2017.4.196/linux/mkl/lib/intel64_lin -L/opt/intel/compilers_and_libraries_2017.4.196/linux/tbb/lib/intel64/gcc4.7 -L/opt/intel/compilers_and_libraries_2017.4.196/linux/daal/lib/intel64_lin -L/opt/intel/compilers_and_libraries_2017.4.196/linux/daal/../tbb/lib/intel64_lin/gcc4.4 -L/opt/intel/compilers_and_libraries_2018.0.128/linux/tbb/lib/intel64_lin/gcc4.7 -L/opt/intel/compilers_and_libraries_2018.0.128/linux/compiler/lib/intel64_lin -L/opt/intel/compilers_and_libraries_2018.0.128/linux/mkl/lib/intel64_lin -L/usr/local/lib/gcc/x86_64-pc-linux-gnu/8.0.0/../../../../x86_64-pc-linux-gnu/lib -L/usr/local/lib/gcc/x86_64-pc-linux-gnu/8.0.0/../../.. CMakeFiles/cmTC_d1c05.dir/CMakeCCompilerABI.c.o -lgcc --as-needed -lgcc_s --no-as-needed -lc -lgcc --as-needed -lgcc_s --no-as-needed /usr/local/lib/gcc/x86_64-pc-linux-gnu/8.0.0/crtend.o /lib/../lib64/crtn.o
COLLECT_GCC_OPTIONS='-v' '-o' 'cmTC_d1c05' '-mtune=generic' '-march=x86-64'
gmake[1]: Leaving directory `/home/wuhui/mkl-dnn/cmake/CMakeFiles/CMakeTmp'


Parsed C implicit link information from above output:
  link line regex: [^( *|.*[/\])(ld|([^/\]+-)?ld|collect2)[^/\]*( |$)]
  ignore line: [Change Dir: /home/wuhui/mkl-dnn/cmake/CMakeFiles/CMakeTmp]
  ignore line: []
  ignore line: [Run Build Command:"/usr/bin/gmake" "cmTC_d1c05/fast"]
  ignore line: [/usr/bin/gmake -f CMakeFiles/cmTC_d1c05.dir/build.make CMakeFiles/cmTC_d1c05.dir/build]
  ignore line: [gmake[1]: Entering directory `/home/wuhui/mkl-dnn/cmake/CMakeFiles/CMakeTmp']
  ignore line: [Building C object CMakeFiles/cmTC_d1c05.dir/CMakeCCompilerABI.c.o]
  ignore line: [/usr/local/bin/gcc     -o CMakeFiles/cmTC_d1c05.dir/CMakeCCompilerABI.c.o   -c /usr/local/share/cmake-3.5/Modules/CMakeCCompilerABI.c]
  ignore line: [Linking C executable cmTC_d1c05]
  ignore line: [/usr/local/bin/cmake -E cmake_link_script CMakeFiles/cmTC_d1c05.dir/link.txt --verbose=1]
  ignore line: [/usr/local/bin/gcc      -v CMakeFiles/cmTC_d1c05.dir/CMakeCCompilerABI.c.o  -o cmTC_d1c05  ]
  ignore line: [Using built-in specs.]
  ignore line: [COLLECT_GCC=/usr/local/bin/gcc]
  ignore line: [COLLECT_LTO_WRAPPER=/usr/local/libexec/gcc/x86_64-pc-linux-gnu/8.0.0/lto-wrapper]
  ignore line: [Target: x86_64-pc-linux-gnu]
  ignore line: [Configured with: ./configure --with-system-zlib --disable-multilib --enable-languages=c,c++]
  ignore line: [Thread model: posix]
  ignore line: [gcc version 8.0.0 20171215 (experimental) (GCC) ]
  ignore line: [COMPILER_PATH=/usr/local/libexec/gcc/x86_64-pc-linux-gnu/8.0.0/:/usr/local/libexec/gcc/x86_64-pc-linux-gnu/8.0.0/:/usr/local/libexec/gcc/x86_64-pc-linux-gnu/:/usr/local/lib/gcc/x86_64-pc-linux-gnu/8.0.0/:/usr/local/lib/gcc/x86_64-pc-linux-gnu/:/usr/local/lib/gcc/x86_64-pc-linux-gnu/8.0.0/../../../../x86_64-pc-linux-gnu/bin/]
  ignore line: [LIBRARY_PATH=/usr/local/lib/gcc/x86_64-pc-linux-gnu/8.0.0/:/usr/local/lib/gcc/x86_64-pc-linux-gnu/8.0.0/../../../../lib64/:/lib/../lib64/:/usr/lib/../lib64/:/opt/intel/compilers_and_libraries_2017.4.196/linux/ipp/lib/intel64/:/opt/intel/compilers_and_libraries_2017.4.196/linux/compiler/lib/intel64_lin/:/opt/intel/compilers_and_libraries_2017.4.196/linux/mkl/lib/intel64_lin/:/opt/intel/compilers_and_libraries_2017.4.196/linux/tbb/lib/intel64/gcc4.7/:/opt/intel/compilers_and_libraries_2017.4.196/linux/daal/lib/intel64_lin/:/opt/intel/compilers_and_libraries_2017.4.196/linux/daal/../tbb/lib/intel64_lin/gcc4.4/:/opt/intel/compilers_and_libraries_2018.0.128/linux/tbb/lib/intel64_lin/gcc4.7/:/opt/intel/compilers_and_libraries_2018.0.128/linux/compiler/lib/intel64_lin/:/opt/intel/compilers_and_libraries_2018.0.128/linux/mkl/lib/intel64_lin/:/usr/local/lib/gcc/x86_64-pc-linux-gnu/8.0.0/../../../../x86_64-pc-linux-gnu/lib/:/usr/local/lib/gcc/x86_64-pc-linux-gnu/8.0.0/../../../:/lib/:/usr/lib/]
  ignore line: [COLLECT_GCC_OPTIONS='-v' '-o' 'cmTC_d1c05' '-mtune=generic' '-march=x86-64']
  link line: [ /usr/local/libexec/gcc/x86_64-pc-linux-gnu/8.0.0/collect2 -plugin /usr/local/libexec/gcc/x86_64-pc-linux-gnu/8.0.0/liblto_plugin.so -plugin-opt=/usr/local/libexec/gcc/x86_64-pc-linux-gnu/8.0.0/lto-wrapper -plugin-opt=-fresolution=/tmp/ccHBI04y.res -plugin-opt=-pass-through=-lgcc -plugin-opt=-pass-through=-lgcc_s -plugin-opt=-pass-through=-lc -plugin-opt=-pass-through=-lgcc -plugin-opt=-pass-through=-lgcc_s --eh-frame-hdr -m elf_x86_64 -dynamic-linker /lib64/ld-linux-x86-64.so.2 -o cmTC_d1c05 /lib/../lib64/crt1.o /lib/../lib64/crti.o /usr/local/lib/gcc/x86_64-pc-linux-gnu/8.0.0/crtbegin.o -L/usr/local/lib/gcc/x86_64-pc-linux-gnu/8.0.0 -L/usr/local/lib/gcc/x86_64-pc-linux-gnu/8.0.0/../../../../lib64 -L/lib/../lib64 -L/usr/lib/../lib64 -L/opt/intel/compilers_and_libraries_2017.4.196/linux/ipp/lib/intel64 -L/opt/intel/compilers_and_libraries_2017.4.196/linux/compiler/lib/intel64_lin -L/opt/intel/compilers_and_libraries_2017.4.196/linux/mkl/lib/intel64_lin -L/opt/intel/compilers_and_libraries_2017.4.196/linux/tbb/lib/intel64/gcc4.7 -L/opt/intel/compilers_and_libraries_2017.4.196/linux/daal/lib/intel64_lin -L/opt/intel/compilers_and_libraries_2017.4.196/linux/daal/../tbb/lib/intel64_lin/gcc4.4 -L/opt/intel/compilers_and_libraries_2018.0.128/linux/tbb/lib/intel64_lin/gcc4.7 -L/opt/intel/compilers_and_libraries_2018.0.128/linux/compiler/lib/intel64_lin -L/opt/intel/compilers_and_libraries_2018.0.128/linux/mkl/lib/intel64_lin -L/usr/local/lib/gcc/x86_64-pc-linux-gnu/8.0.0/../../../../x86_64-pc-linux-gnu/lib -L/usr/local/lib/gcc/x86_64-pc-linux-gnu/8.0.0/../../.. CMakeFiles/cmTC_d1c05.dir/CMakeCCompilerABI.c.o -lgcc --as-needed -lgcc_s --no-as-needed -lc -lgcc --as-needed -lgcc_s --no-as-needed /usr/local/lib/gcc/x86_64-pc-linux-gnu/8.0.0/crtend.o /lib/../lib64/crtn.o]
    arg [/usr/local/libexec/gcc/x86_64-pc-linux-gnu/8.0.0/collect2] ==> ignore
    arg [-plugin] ==> ignore
    arg [/usr/local/libexec/gcc/x86_64-pc-linux-gnu/8.0.0/liblto_plugin.so] ==> ignore
    arg [-plugin-opt=/usr/local/libexec/gcc/x86_64-pc-linux-gnu/8.0.0/lto-wrapper] ==> ignore
    arg [-plugin-opt=-fresolution=/tmp/ccHBI04y.res] ==> ignore
    arg [-plugin-opt=-pass-through=-lgcc] ==> ignore
    arg [-plugin-opt=-pass-through=-lgcc_s] ==> ignore
    arg [-plugin-opt=-pass-through=-lc] ==> ignore
    arg [-plugin-opt=-pass-through=-lgcc] ==> ignore
    arg [-plugin-opt=-pass-through=-lgcc_s] ==> ignore
    arg [--eh-frame-hdr] ==> ignore
    arg [-m] ==> ignore
    arg [elf_x86_64] ==> ignore
    arg [-dynamic-linker] ==> ignore
    arg [/lib64/ld-linux-x86-64.so.2] ==> ignore
    arg [-o] ==> ignore
    arg [cmTC_d1c05] ==> ignore
    arg [/lib/../lib64/crt1.o] ==> ignore
    arg [/lib/../lib64/crti.o] ==> ignore
    arg [/usr/local/lib/gcc/x86_64-pc-linux-gnu/8.0.0/crtbegin.o] ==> ignore
    arg [-L/usr/local/lib/gcc/x86_64-pc-linux-gnu/8.0.0] ==> dir [/usr/local/lib/gcc/x86_64-pc-linux-gnu/8.0.0]
    arg [-L/usr/local/lib/gcc/x86_64-pc-linux-gnu/8.0.0/../../../../lib64] ==> dir [/usr/local/lib/gcc/x86_64-pc-linux-gnu/8.0.0/../../../../lib64]
    arg [-L/lib/../lib64] ==> dir [/lib/../lib64]
    arg [-L/usr/lib/../lib64] ==> dir [/usr/lib/../lib64]
    arg [-L/opt/intel/compilers_and_libraries_2017.4.196/linux/ipp/lib/intel64] ==> dir [/opt/intel/compilers_and_libraries_2017.4.196/linux/ipp/lib/intel64]
    arg [-L/opt/intel/compilers_and_libraries_2017.4.196/linux/compiler/lib/intel64_lin] ==> dir [/opt/intel/compilers_and_libraries_2017.4.196/linux/compiler/lib/intel64_lin]
    arg [-L/opt/intel/compilers_and_libraries_2017.4.196/linux/mkl/lib/intel64_lin] ==> dir [/opt/intel/compilers_and_libraries_2017.4.196/linux/mkl/lib/intel64_lin]
    arg [-L/opt/intel/compilers_and_libraries_2017.4.196/linux/tbb/lib/intel64/gcc4.7] ==> dir [/opt/intel/compilers_and_libraries_2017.4.196/linux/tbb/lib/intel64/gcc4.7]
    arg [-L/opt/intel/compilers_and_libraries_2017.4.196/linux/daal/lib/intel64_lin] ==> dir [/opt/intel/compilers_and_libraries_2017.4.196/linux/daal/lib/intel64_lin]
    arg [-L/opt/intel/compilers_and_libraries_2017.4.196/linux/daal/../tbb/lib/intel64_lin/gcc4.4] ==> dir [/opt/intel/compilers_and_libraries_2017.4.196/linux/daal/../tbb/lib/intel64_lin/gcc4.4]
    arg [-L/opt/intel/compilers_and_libraries_2018.0.128/linux/tbb/lib/intel64_lin/gcc4.7] ==> dir [/opt/intel/compilers_and_libraries_2018.0.128/linux/tbb/lib/intel64_lin/gcc4.7]
    arg [-L/opt/intel/compilers_and_libraries_2018.0.128/linux/compiler/lib/intel64_lin] ==> dir [/opt/intel/compilers_and_libraries_2018.0.128/linux/compiler/lib/intel64_lin]
    arg [-L/opt/intel/compilers_and_libraries_2018.0.128/linux/mkl/lib/intel64_lin] ==> dir [/opt/intel/compilers_and_libraries_2018.0.128/linux/mkl/lib/intel64_lin]
    arg [-L/usr/local/lib/gcc/x86_64-pc-linux-gnu/8.0.0/../../../../x86_64-pc-linux-gnu/lib] ==> dir [/usr/local/lib/gcc/x86_64-pc-linux-gnu/8.0.0/../../../../x86_64-pc-linux-gnu/lib]
    arg [-L/usr/local/lib/gcc/x86_64-pc-linux-gnu/8.0.0/../../..] ==> dir [/usr/local/lib/gcc/x86_64-pc-linux-gnu/8.0.0/../../..]
    arg [CMakeFiles/cmTC_d1c05.dir/CMakeCCompilerABI.c.o] ==> ignore
    arg [-lgcc] ==> lib [gcc]
    arg [--as-needed] ==> ignore
    arg [-lgcc_s] ==> lib [gcc_s]
    arg [--no-as-needed] ==> ignore
    arg [-lc] ==> lib [c]
    arg [-lgcc] ==> lib [gcc]
    arg [--as-needed] ==> ignore
    arg [-lgcc_s] ==> lib [gcc_s]
    arg [--no-as-needed] ==> ignore
    arg [/usr/local/lib/gcc/x86_64-pc-linux-gnu/8.0.0/crtend.o] ==> ignore
    arg [/lib/../lib64/crtn.o] ==> ignore
  remove lib [gcc]
  remove lib [gcc_s]
  remove lib [gcc]
  remove lib [gcc_s]
  collapse library dir [/usr/local/lib/gcc/x86_64-pc-linux-gnu/8.0.0] ==> [/usr/local/lib/gcc/x86_64-pc-linux-gnu/8.0.0]
  collapse library dir [/usr/local/lib/gcc/x86_64-pc-linux-gnu/8.0.0/../../../../lib64] ==> [/usr/local/lib64]
  collapse library dir [/lib/../lib64] ==> [/lib64]
  collapse library dir [/usr/lib/../lib64] ==> [/usr/lib64]
  collapse library dir [/opt/intel/compilers_and_libraries_2017.4.196/linux/ipp/lib/intel64] ==> [/opt/intel/compilers_and_libraries_2017.4.196/linux/ipp/lib/intel64]
  collapse library dir [/opt/intel/compilers_and_libraries_2017.4.196/linux/compiler/lib/intel64_lin] ==> [/opt/intel/compilers_and_libraries_2017.4.196/linux/compiler/lib/intel64_lin]
  collapse library dir [/opt/intel/compilers_and_libraries_2017.4.196/linux/mkl/lib/intel64_lin] ==> [/opt/intel/compilers_and_libraries_2017.4.196/linux/mkl/lib/intel64_lin]
  collapse library dir [/opt/intel/compilers_and_libraries_2017.4.196/linux/tbb/lib/intel64/gcc4.7] ==> [/opt/intel/compilers_and_libraries_2017.4.196/linux/tbb/lib/intel64/gcc4.7]
  collapse library dir [/opt/intel/compilers_and_libraries_2017.4.196/linux/daal/lib/intel64_lin] ==> [/opt/intel/compilers_and_libraries_2017.4.196/linux/daal/lib/intel64_lin]
  collapse library dir [/opt/intel/compilers_and_libraries_2017.4.196/linux/daal/../tbb/lib/intel64_lin/gcc4.4] ==> [/opt/intel/compilers_and_libraries_2017.4.196/linux/tbb/lib/intel64_lin/gcc4.4]
  collapse library dir [/opt/intel/compilers_and_libraries_2018.0.128/linux/tbb/lib/intel64_lin/gcc4.7] ==> [/opt/intel/compilers_and_libraries_2018.0.128/linux/tbb/lib/intel64_lin/gcc4.7]
  collapse library dir [/opt/intel/compilers_and_libraries_2018.0.128/linux/compiler/lib/intel64_lin] ==> [/opt/intel/compilers_and_libraries_2018.0.128/linux/compiler/lib/intel64_lin]
  collapse library dir [/opt/intel/compilers_and_libraries_2018.0.128/linux/mkl/lib/intel64_lin] ==> [/opt/intel/compilers_and_libraries_2018.0.128/linux/mkl/lib/intel64_lin]
  collapse library dir [/usr/local/lib/gcc/x86_64-pc-linux-gnu/8.0.0/../../../../x86_64-pc-linux-gnu/lib] ==> [/usr/local/x86_64-pc-linux-gnu/lib]
  collapse library dir [/usr/local/lib/gcc/x86_64-pc-linux-gnu/8.0.0/../../..] ==> [/usr/local/lib]
  implicit libs: [c]
  implicit dirs: [/usr/local/lib/gcc/x86_64-pc-linux-gnu/8.0.0;/usr/local/lib64;/lib64;/usr/lib64;/opt/intel/compilers_and_libraries_2017.4.196/linux/ipp/lib/intel64;/opt/intel/compilers_and_libraries_2017.4.196/linux/compiler/lib/intel64_lin;/opt/intel/compilers_and_libraries_2017.4.196/linux/mkl/lib/intel64_lin;/opt/intel/compilers_and_libraries_2017.4.196/linux/tbb/lib/intel64/gcc4.7;/opt/intel/compilers_and_libraries_2017.4.196/linux/daal/lib/intel64_lin;/opt/intel/compilers_and_libraries_2017.4.196/linux/tbb/lib/intel64_lin/gcc4.4;/opt/intel/compilers_and_libraries_2018.0.128/linux/tbb/lib/intel64_lin/gcc4.7;/opt/intel/compilers_and_libraries_2018.0.128/linux/compiler/lib/intel64_lin;/opt/intel/compilers_and_libraries_2018.0.128/linux/mkl/lib/intel64_lin;/usr/local/x86_64-pc-linux-gnu/lib;/usr/local/lib]
  implicit fwks: []




Detecting C [-std=c11] compiler features compiled with the following output:
Change Dir: /home/wuhui/mkl-dnn/cmake/CMakeFiles/CMakeTmp

Run Build Command:"/usr/bin/gmake" "cmTC_984a0/fast"
/usr/bin/gmake -f CMakeFiles/cmTC_984a0.dir/build.make CMakeFiles/cmTC_984a0.dir/build
gmake[1]: Entering directory `/home/wuhui/mkl-dnn/cmake/CMakeFiles/CMakeTmp'
Building C object CMakeFiles/cmTC_984a0.dir/feature_tests.c.o
/usr/local/bin/gcc    -std=c11 -o CMakeFiles/cmTC_984a0.dir/feature_tests.c.o   -c /home/wuhui/mkl-dnn/cmake/CMakeFiles/feature_tests.c
Linking C executable cmTC_984a0
/usr/local/bin/cmake -E cmake_link_script CMakeFiles/cmTC_984a0.dir/link.txt --verbose=1
/usr/local/bin/gcc       CMakeFiles/cmTC_984a0.dir/feature_tests.c.o  -o cmTC_984a0 
gmake[1]: Leaving directory `/home/wuhui/mkl-dnn/cmake/CMakeFiles/CMakeTmp'


    Feature record: C_FEATURE:1c_function_prototypes
    Feature record: C_FEATURE:1c_restrict
    Feature record: C_FEATURE:1c_static_assert
    Feature record: C_FEATURE:1c_variadic_macros


Detecting C [-std=c99] compiler features compiled with the following output:
Change Dir: /home/wuhui/mkl-dnn/cmake/CMakeFiles/CMakeTmp

Run Build Command:"/usr/bin/gmake" "cmTC_06b91/fast"
/usr/bin/gmake -f CMakeFiles/cmTC_06b91.dir/build.make CMakeFiles/cmTC_06b91.dir/build
gmake[1]: Entering directory `/home/wuhui/mkl-dnn/cmake/CMakeFiles/CMakeTmp'
Building C object CMakeFiles/cmTC_06b91.dir/feature_tests.c.o
/usr/local/bin/gcc    -std=c99 -o CMakeFiles/cmTC_06b91.dir/feature_tests.c.o   -c /home/wuhui/mkl-dnn/cmake/CMakeFiles/feature_tests.c
Linking C executable cmTC_06b91
/usr/local/bin/cmake -E cmake_link_script CMakeFiles/cmTC_06b91.dir/link.txt --verbose=1
/usr/local/bin/gcc       CMakeFiles/cmTC_06b91.dir/feature_tests.c.o  -o cmTC_06b91 
gmake[1]: Leaving directory `/home/wuhui/mkl-dnn/cmake/CMakeFiles/CMakeTmp'


    Feature record: C_FEATURE:1c_function_prototypes
    Feature record: C_FEATURE:1c_restrict
    Feature record: C_FEATURE:0c_static_assert
    Feature record: C_FEATURE:1c_variadic_macros


Detecting C [-std=c90] compiler features compiled with the following output:
Change Dir: /home/wuhui/mkl-dnn/cmake/CMakeFiles/CMakeTmp

Run Build Command:"/usr/bin/gmake" "cmTC_d37f7/fast"
/usr/bin/gmake -f CMakeFiles/cmTC_d37f7.dir/build.make CMakeFiles/cmTC_d37f7.dir/build
gmake[1]: Entering directory `/home/wuhui/mkl-dnn/cmake/CMakeFiles/CMakeTmp'
Building C object CMakeFiles/cmTC_d37f7.dir/feature_tests.c.o
/usr/local/bin/gcc    -std=c90 -o CMakeFiles/cmTC_d37f7.dir/feature_tests.c.o   -c /home/wuhui/mkl-dnn/cmake/CMakeFiles/feature_tests.c
Linking C executable cmTC_d37f7
/usr/local/bin/cmake -E cmake_link_script CMakeFiles/cmTC_d37f7.dir/link.txt --verbose=1
/usr/local/bin/gcc       CMakeFiles/cmTC_d37f7.dir/feature_tests.c.o  -o cmTC_d37f7 
gmake[1]: Leaving directory `/home/wuhui/mkl-dnn/cmake/CMakeFiles/CMakeTmp'


    Feature record: C_FEATURE:1c_function_prototypes
    Feature record: C_FEATURE:0c_restrict
    Feature record: C_FEATURE:0c_static_assert
    Feature record: C_FEATURE:0c_variadic_macros
Determining if the CXX compiler works passed with the following output:
Change Dir: /home/wuhui/mkl-dnn/cmake/CMakeFiles/CMakeTmp

Run Build Command:"/usr/bin/gmake" "cmTC_cff35/fast"
/usr/bin/gmake -f CMakeFiles/cmTC_cff35.dir/build.make CMakeFiles/cmTC_cff35.dir/build
gmake[1]: Entering directory `/home/wuhui/mkl-dnn/cmake/CMakeFiles/CMakeTmp'
Building CXX object CMakeFiles/cmTC_cff35.dir/testCXXCompiler.cxx.o
/usr/local/bin/g++      -o CMakeFiles/cmTC_cff35.dir/testCXXCompiler.cxx.o -c /home/wuhui/mkl-dnn/cmake/CMakeFiles/CMakeTmp/testCXXCompiler.cxx
Linking CXX executable cmTC_cff35
/usr/local/bin/cmake -E cmake_link_script CMakeFiles/cmTC_cff35.dir/link.txt --verbose=1
/usr/local/bin/g++        CMakeFiles/cmTC_cff35.dir/testCXXCompiler.cxx.o  -o cmTC_cff35 
gmake[1]: Leaving directory `/home/wuhui/mkl-dnn/cmake/CMakeFiles/CMakeTmp'


Detecting CXX compiler ABI info compiled with the following output:
Change Dir: /home/wuhui/mkl-dnn/cmake/CMakeFiles/CMakeTmp

Run Build Command:"/usr/bin/gmake" "cmTC_a0623/fast"
/usr/bin/gmake -f CMakeFiles/cmTC_a0623.dir/build.make CMakeFiles/cmTC_a0623.dir/build
gmake[1]: Entering directory `/home/wuhui/mkl-dnn/cmake/CMakeFiles/CMakeTmp'
Building CXX object CMakeFiles/cmTC_a0623.dir/CMakeCXXCompilerABI.cpp.o
/usr/local/bin/g++      -o CMakeFiles/cmTC_a0623.dir/CMakeCXXCompilerABI.cpp.o -c /usr/local/share/cmake-3.5/Modules/CMakeCXXCompilerABI.cpp
Linking CXX executable cmTC_a0623
/usr/local/bin/cmake -E cmake_link_script CMakeFiles/cmTC_a0623.dir/link.txt --verbose=1
/usr/local/bin/g++       -v CMakeFiles/cmTC_a0623.dir/CMakeCXXCompilerABI.cpp.o  -o cmTC_a0623  
Using built-in specs.
COLLECT_GCC=/usr/local/bin/g++
COLLECT_LTO_WRAPPER=/usr/local/libexec/gcc/x86_64-pc-linux-gnu/8.0.0/lto-wrapper
Target: x86_64-pc-linux-gnu
Configured with: ./configure --with-system-zlib --disable-multilib --enable-languages=c,c++
Thread model: posix
gcc version 8.0.0 20171215 (experimental) (GCC) 
COMPILER_PATH=/usr/local/libexec/gcc/x86_64-pc-linux-gnu/8.0.0/:/usr/local/libexec/gcc/x86_64-pc-linux-gnu/8.0.0/:/usr/local/libexec/gcc/x86_64-pc-linux-gnu/:/usr/local/lib/gcc/x86_64-pc-linux-gnu/8.0.0/:/usr/local/lib/gcc/x86_64-pc-linux-gnu/:/usr/local/lib/gcc/x86_64-pc-linux-gnu/8.0.0/../../../../x86_64-pc-linux-gnu/bin/
LIBRARY_PATH=/usr/local/lib/gcc/x86_64-pc-linux-gnu/8.0.0/:/usr/local/lib/gcc/x86_64-pc-linux-gnu/8.0.0/../../../../lib64/:/lib/../lib64/:/usr/lib/../lib64/:/opt/intel/compilers_and_libraries_2017.4.196/linux/ipp/lib/intel64/:/opt/intel/compilers_and_libraries_2017.4.196/linux/compiler/lib/intel64_lin/:/opt/intel/compilers_and_libraries_2017.4.196/linux/mkl/lib/intel64_lin/:/opt/intel/compilers_and_libraries_2017.4.196/linux/tbb/lib/intel64/gcc4.7/:/opt/intel/compilers_and_libraries_2017.4.196/linux/daal/lib/intel64_lin/:/opt/intel/compilers_and_libraries_2017.4.196/linux/daal/../tbb/lib/intel64_lin/gcc4.4/:/opt/intel/compilers_and_libraries_2018.0.128/linux/tbb/lib/intel64_lin/gcc4.7/:/opt/intel/compilers_and_libraries_2018.0.128/linux/compiler/lib/intel64_lin/:/opt/intel/compilers_and_libraries_2018.0.128/linux/mkl/lib/intel64_lin/:/usr/local/lib/gcc/x86_64-pc-linux-gnu/8.0.0/../../../../x86_64-pc-linux-gnu/lib/:/usr/local/lib/gcc/x86_64-pc-linux-gnu/8.0.0/../../../:/lib/:/usr/lib/
COLLECT_GCC_OPTIONS='-v' '-o' 'cmTC_a0623' '-shared-libgcc' '-mtune=generic' '-march=x86-64'
 /usr/local/libexec/gcc/x86_64-pc-linux-gnu/8.0.0/collect2 -plugin /usr/local/libexec/gcc/x86_64-pc-linux-gnu/8.0.0/liblto_plugin.so -plugin-opt=/usr/local/libexec/gcc/x86_64-pc-linux-gnu/8.0.0/lto-wrapper -plugin-opt=-fresolution=/tmp/ccUAjoqf.res -plugin-opt=-pass-through=-lgcc_s -plugin-opt=-pass-through=-lgcc -plugin-opt=-pass-through=-lc -plugin-opt=-pass-through=-lgcc_s -plugin-opt=-pass-through=-lgcc --eh-frame-hdr -m elf_x86_64 -dynamic-linker /lib64/ld-linux-x86-64.so.2 -o cmTC_a0623 /lib/../lib64/crt1.o /lib/../lib64/crti.o /usr/local/lib/gcc/x86_64-pc-linux-gnu/8.0.0/crtbegin.o -L/usr/local/lib/gcc/x86_64-pc-linux-gnu/8.0.0 -L/usr/local/lib/gcc/x86_64-pc-linux-gnu/8.0.0/../../../../lib64 -L/lib/../lib64 -L/usr/lib/../lib64 -L/opt/intel/compilers_and_libraries_2017.4.196/linux/ipp/lib/intel64 -L/opt/intel/compilers_and_libraries_2017.4.196/linux/compiler/lib/intel64_lin -L/opt/intel/compilers_and_libraries_2017.4.196/linux/mkl/lib/intel64_lin -L/opt/intel/compilers_and_libraries_2017.4.196/linux/tbb/lib/intel64/gcc4.7 -L/opt/intel/compilers_and_libraries_2017.4.196/linux/daal/lib/intel64_lin -L/opt/intel/compilers_and_libraries_2017.4.196/linux/daal/../tbb/lib/intel64_lin/gcc4.4 -L/opt/intel/compilers_and_libraries_2018.0.128/linux/tbb/lib/intel64_lin/gcc4.7 -L/opt/intel/compilers_and_libraries_2018.0.128/linux/compiler/lib/intel64_lin -L/opt/intel/compilers_and_libraries_2018.0.128/linux/mkl/lib/intel64_lin -L/usr/local/lib/gcc/x86_64-pc-linux-gnu/8.0.0/../../../../x86_64-pc-linux-gnu/lib -L/usr/local/lib/gcc/x86_64-pc-linux-gnu/8.0.0/../../.. CMakeFiles/cmTC_a0623.dir/CMakeCXXCompilerABI.cpp.o -lstdc++ -lm -lgcc_s -lgcc -lc -lgcc_s -lgcc /usr/local/lib/gcc/x86_64-pc-linux-gnu/8.0.0/crtend.o /lib/../lib64/crtn.o
COLLECT_GCC_OPTIONS='-v' '-o' 'cmTC_a0623' '-shared-libgcc' '-mtune=generic' '-march=x86-64'
gmake[1]: Leaving directory `/home/wuhui/mkl-dnn/cmake/CMakeFiles/CMakeTmp'


Parsed CXX implicit link information from above output:
  link line regex: [^( *|.*[/\])(ld|([^/\]+-)?ld|collect2)[^/\]*( |$)]
  ignore line: [Change Dir: /home/wuhui/mkl-dnn/cmake/CMakeFiles/CMakeTmp]
  ignore line: []
  ignore line: [Run Build Command:"/usr/bin/gmake" "cmTC_a0623/fast"]
  ignore line: [/usr/bin/gmake -f CMakeFiles/cmTC_a0623.dir/build.make CMakeFiles/cmTC_a0623.dir/build]
  ignore line: [gmake[1]: Entering directory `/home/wuhui/mkl-dnn/cmake/CMakeFiles/CMakeTmp']
  ignore line: [Building CXX object CMakeFiles/cmTC_a0623.dir/CMakeCXXCompilerABI.cpp.o]
  ignore line: [/usr/local/bin/g++      -o CMakeFiles/cmTC_a0623.dir/CMakeCXXCompilerABI.cpp.o -c /usr/local/share/cmake-3.5/Modules/CMakeCXXCompilerABI.cpp]
  ignore line: [Linking CXX executable cmTC_a0623]
  ignore line: [/usr/local/bin/cmake -E cmake_link_script CMakeFiles/cmTC_a0623.dir/link.txt --verbose=1]
  ignore line: [/usr/local/bin/g++       -v CMakeFiles/cmTC_a0623.dir/CMakeCXXCompilerABI.cpp.o  -o cmTC_a0623  ]
  ignore line: [Using built-in specs.]
  ignore line: [COLLECT_GCC=/usr/local/bin/g++]
  ignore line: [COLLECT_LTO_WRAPPER=/usr/local/libexec/gcc/x86_64-pc-linux-gnu/8.0.0/lto-wrapper]
  ignore line: [Target: x86_64-pc-linux-gnu]
  ignore line: [Configured with: ./configure --with-system-zlib --disable-multilib --enable-languages=c,c++]
  ignore line: [Thread model: posix]
  ignore line: [gcc version 8.0.0 20171215 (experimental) (GCC) ]
  ignore line: [COMPILER_PATH=/usr/local/libexec/gcc/x86_64-pc-linux-gnu/8.0.0/:/usr/local/libexec/gcc/x86_64-pc-linux-gnu/8.0.0/:/usr/local/libexec/gcc/x86_64-pc-linux-gnu/:/usr/local/lib/gcc/x86_64-pc-linux-gnu/8.0.0/:/usr/local/lib/gcc/x86_64-pc-linux-gnu/:/usr/local/lib/gcc/x86_64-pc-linux-gnu/8.0.0/../../../../x86_64-pc-linux-gnu/bin/]
  ignore line: [LIBRARY_PATH=/usr/local/lib/gcc/x86_64-pc-linux-gnu/8.0.0/:/usr/local/lib/gcc/x86_64-pc-linux-gnu/8.0.0/../../../../lib64/:/lib/../lib64/:/usr/lib/../lib64/:/opt/intel/compilers_and_libraries_2017.4.196/linux/ipp/lib/intel64/:/opt/intel/compilers_and_libraries_2017.4.196/linux/compiler/lib/intel64_lin/:/opt/intel/compilers_and_libraries_2017.4.196/linux/mkl/lib/intel64_lin/:/opt/intel/compilers_and_libraries_2017.4.196/linux/tbb/lib/intel64/gcc4.7/:/opt/intel/compilers_and_libraries_2017.4.196/linux/daal/lib/intel64_lin/:/opt/intel/compilers_and_libraries_2017.4.196/linux/daal/../tbb/lib/intel64_lin/gcc4.4/:/opt/intel/compilers_and_libraries_2018.0.128/linux/tbb/lib/intel64_lin/gcc4.7/:/opt/intel/compilers_and_libraries_2018.0.128/linux/compiler/lib/intel64_lin/:/opt/intel/compilers_and_libraries_2018.0.128/linux/mkl/lib/intel64_lin/:/usr/local/lib/gcc/x86_64-pc-linux-gnu/8.0.0/../../../../x86_64-pc-linux-gnu/lib/:/usr/local/lib/gcc/x86_64-pc-linux-gnu/8.0.0/../../../:/lib/:/usr/lib/]
  ignore line: [COLLECT_GCC_OPTIONS='-v' '-o' 'cmTC_a0623' '-shared-libgcc' '-mtune=generic' '-march=x86-64']
  link line: [ /usr/local/libexec/gcc/x86_64-pc-linux-gnu/8.0.0/collect2 -plugin /usr/local/libexec/gcc/x86_64-pc-linux-gnu/8.0.0/liblto_plugin.so -plugin-opt=/usr/local/libexec/gcc/x86_64-pc-linux-gnu/8.0.0/lto-wrapper -plugin-opt=-fresolution=/tmp/ccUAjoqf.res -plugin-opt=-pass-through=-lgcc_s -plugin-opt=-pass-through=-lgcc -plugin-opt=-pass-through=-lc -plugin-opt=-pass-through=-lgcc_s -plugin-opt=-pass-through=-lgcc --eh-frame-hdr -m elf_x86_64 -dynamic-linker /lib64/ld-linux-x86-64.so.2 -o cmTC_a0623 /lib/../lib64/crt1.o /lib/../lib64/crti.o /usr/local/lib/gcc/x86_64-pc-linux-gnu/8.0.0/crtbegin.o -L/usr/local/lib/gcc/x86_64-pc-linux-gnu/8.0.0 -L/usr/local/lib/gcc/x86_64-pc-linux-gnu/8.0.0/../../../../lib64 -L/lib/../lib64 -L/usr/lib/../lib64 -L/opt/intel/compilers_and_libraries_2017.4.196/linux/ipp/lib/intel64 -L/opt/intel/compilers_and_libraries_2017.4.196/linux/compiler/lib/intel64_lin -L/opt/intel/compilers_and_libraries_2017.4.196/linux/mkl/lib/intel64_lin -L/opt/intel/compilers_and_libraries_2017.4.196/linux/tbb/lib/intel64/gcc4.7 -L/opt/intel/compilers_and_libraries_2017.4.196/linux/daal/lib/intel64_lin -L/opt/intel/compilers_and_libraries_2017.4.196/linux/daal/../tbb/lib/intel64_lin/gcc4.4 -L/opt/intel/compilers_and_libraries_2018.0.128/linux/tbb/lib/intel64_lin/gcc4.7 -L/opt/intel/compilers_and_libraries_2018.0.128/linux/compiler/lib/intel64_lin -L/opt/intel/compilers_and_libraries_2018.0.128/linux/mkl/lib/intel64_lin -L/usr/local/lib/gcc/x86_64-pc-linux-gnu/8.0.0/../../../../x86_64-pc-linux-gnu/lib -L/usr/local/lib/gcc/x86_64-pc-linux-gnu/8.0.0/../../.. CMakeFiles/cmTC_a0623.dir/CMakeCXXCompilerABI.cpp.o -lstdc++ -lm -lgcc_s -lgcc -lc -lgcc_s -lgcc /usr/local/lib/gcc/x86_64-pc-linux-gnu/8.0.0/crtend.o /lib/../lib64/crtn.o]
    arg [/usr/local/libexec/gcc/x86_64-pc-linux-gnu/8.0.0/collect2] ==> ignore
    arg [-plugin] ==> ignore
    arg [/usr/local/libexec/gcc/x86_64-pc-linux-gnu/8.0.0/liblto_plugin.so] ==> ignore
    arg [-plugin-opt=/usr/local/libexec/gcc/x86_64-pc-linux-gnu/8.0.0/lto-wrapper] ==> ignore
    arg [-plugin-opt=-fresolution=/tmp/ccUAjoqf.res] ==> ignore
    arg [-plugin-opt=-pass-through=-lgcc_s] ==> ignore
    arg [-plugin-opt=-pass-through=-lgcc] ==> ignore
    arg [-plugin-opt=-pass-through=-lc] ==> ignore
    arg [-plugin-opt=-pass-through=-lgcc_s] ==> ignore
    arg [-plugin-opt=-pass-through=-lgcc] ==> ignore
    arg [--eh-frame-hdr] ==> ignore
    arg [-m] ==> ignore
    arg [elf_x86_64] ==> ignore
    arg [-dynamic-linker] ==> ignore
    arg [/lib64/ld-linux-x86-64.so.2] ==> ignore
    arg [-o] ==> ignore
    arg [cmTC_a0623] ==> ignore
    arg [/lib/../lib64/crt1.o] ==> ignore
    arg [/lib/../lib64/crti.o] ==> ignore
    arg [/usr/local/lib/gcc/x86_64-pc-linux-gnu/8.0.0/crtbegin.o] ==> ignore
    arg [-L/usr/local/lib/gcc/x86_64-pc-linux-gnu/8.0.0] ==> dir [/usr/local/lib/gcc/x86_64-pc-linux-gnu/8.0.0]
    arg [-L/usr/local/lib/gcc/x86_64-pc-linux-gnu/8.0.0/../../../../lib64] ==> dir [/usr/local/lib/gcc/x86_64-pc-linux-gnu/8.0.0/../../../../lib64]
    arg [-L/lib/../lib64] ==> dir [/lib/../lib64]
    arg [-L/usr/lib/../lib64] ==> dir [/usr/lib/../lib64]
    arg [-L/opt/intel/compilers_and_libraries_2017.4.196/linux/ipp/lib/intel64] ==> dir [/opt/intel/compilers_and_libraries_2017.4.196/linux/ipp/lib/intel64]
    arg [-L/opt/intel/compilers_and_libraries_2017.4.196/linux/compiler/lib/intel64_lin] ==> dir [/opt/intel/compilers_and_libraries_2017.4.196/linux/compiler/lib/intel64_lin]
    arg [-L/opt/intel/compilers_and_libraries_2017.4.196/linux/mkl/lib/intel64_lin] ==> dir [/opt/intel/compilers_and_libraries_2017.4.196/linux/mkl/lib/intel64_lin]
    arg [-L/opt/intel/compilers_and_libraries_2017.4.196/linux/tbb/lib/intel64/gcc4.7] ==> dir [/opt/intel/compilers_and_libraries_2017.4.196/linux/tbb/lib/intel64/gcc4.7]
    arg [-L/opt/intel/compilers_and_libraries_2017.4.196/linux/daal/lib/intel64_lin] ==> dir [/opt/intel/compilers_and_libraries_2017.4.196/linux/daal/lib/intel64_lin]
    arg [-L/opt/intel/compilers_and_libraries_2017.4.196/linux/daal/../tbb/lib/intel64_lin/gcc4.4] ==> dir [/opt/intel/compilers_and_libraries_2017.4.196/linux/daal/../tbb/lib/intel64_lin/gcc4.4]
    arg [-L/opt/intel/compilers_and_libraries_2018.0.128/linux/tbb/lib/intel64_lin/gcc4.7] ==> dir [/opt/intel/compilers_and_libraries_2018.0.128/linux/tbb/lib/intel64_lin/gcc4.7]
    arg [-L/opt/intel/compilers_and_libraries_2018.0.128/linux/compiler/lib/intel64_lin] ==> dir [/opt/intel/compilers_and_libraries_2018.0.128/linux/compiler/lib/intel64_lin]
    arg [-L/opt/intel/compilers_and_libraries_2018.0.128/linux/mkl/lib/intel64_lin] ==> dir [/opt/intel/compilers_and_libraries_2018.0.128/linux/mkl/lib/intel64_lin]
    arg [-L/usr/local/lib/gcc/x86_64-pc-linux-gnu/8.0.0/../../../../x86_64-pc-linux-gnu/lib] ==> dir [/usr/local/lib/gcc/x86_64-pc-linux-gnu/8.0.0/../../../../x86_64-pc-linux-gnu/lib]
    arg [-L/usr/local/lib/gcc/x86_64-pc-linux-gnu/8.0.0/../../..] ==> dir [/usr/local/lib/gcc/x86_64-pc-linux-gnu/8.0.0/../../..]
    arg [CMakeFiles/cmTC_a0623.dir/CMakeCXXCompilerABI.cpp.o] ==> ignore
    arg [-lstdc++] ==> lib [stdc++]
    arg [-lm] ==> lib [m]
    arg [-lgcc_s] ==> lib [gcc_s]
    arg [-lgcc] ==> lib [gcc]
    arg [-lc] ==> lib [c]
    arg [-lgcc_s] ==> lib [gcc_s]
    arg [-lgcc] ==> lib [gcc]
    arg [/usr/local/lib/gcc/x86_64-pc-linux-gnu/8.0.0/crtend.o] ==> ignore
    arg [/lib/../lib64/crtn.o] ==> ignore
  remove lib [gcc_s]
  remove lib [gcc]
  remove lib [gcc_s]
  remove lib [gcc]
  collapse library dir [/usr/local/lib/gcc/x86_64-pc-linux-gnu/8.0.0] ==> [/usr/local/lib/gcc/x86_64-pc-linux-gnu/8.0.0]
  collapse library dir [/usr/local/lib/gcc/x86_64-pc-linux-gnu/8.0.0/../../../../lib64] ==> [/usr/local/lib64]
  collapse library dir [/lib/../lib64] ==> [/lib64]
  collapse library dir [/usr/lib/../lib64] ==> [/usr/lib64]
  collapse library dir [/opt/intel/compilers_and_libraries_2017.4.196/linux/ipp/lib/intel64] ==> [/opt/intel/compilers_and_libraries_2017.4.196/linux/ipp/lib/intel64]
  collapse library dir [/opt/intel/compilers_and_libraries_2017.4.196/linux/compiler/lib/intel64_lin] ==> [/opt/intel/compilers_and_libraries_2017.4.196/linux/compiler/lib/intel64_lin]
  collapse library dir [/opt/intel/compilers_and_libraries_2017.4.196/linux/mkl/lib/intel64_lin] ==> [/opt/intel/compilers_and_libraries_2017.4.196/linux/mkl/lib/intel64_lin]
  collapse library dir [/opt/intel/compilers_and_libraries_2017.4.196/linux/tbb/lib/intel64/gcc4.7] ==> [/opt/intel/compilers_and_libraries_2017.4.196/linux/tbb/lib/intel64/gcc4.7]
  collapse library dir [/opt/intel/compilers_and_libraries_2017.4.196/linux/daal/lib/intel64_lin] ==> [/opt/intel/compilers_and_libraries_2017.4.196/linux/daal/lib/intel64_lin]
  collapse library dir [/opt/intel/compilers_and_libraries_2017.4.196/linux/daal/../tbb/lib/intel64_lin/gcc4.4] ==> [/opt/intel/compilers_and_libraries_2017.4.196/linux/tbb/lib/intel64_lin/gcc4.4]
  collapse library dir [/opt/intel/compilers_and_libraries_2018.0.128/linux/tbb/lib/intel64_lin/gcc4.7] ==> [/opt/intel/compilers_and_libraries_2018.0.128/linux/tbb/lib/intel64_lin/gcc4.7]
  collapse library dir [/opt/intel/compilers_and_libraries_2018.0.128/linux/compiler/lib/intel64_lin] ==> [/opt/intel/compilers_and_libraries_2018.0.128/linux/compiler/lib/intel64_lin]
  collapse library dir [/opt/intel/compilers_and_libraries_2018.0.128/linux/mkl/lib/intel64_lin] ==> [/opt/intel/compilers_and_libraries_2018.0.128/linux/mkl/lib/intel64_lin]
  collapse library dir [/usr/local/lib/gcc/x86_64-pc-linux-gnu/8.0.0/../../../../x86_64-pc-linux-gnu/lib] ==> [/usr/local/x86_64-pc-linux-gnu/lib]
  collapse library dir [/usr/local/lib/gcc/x86_64-pc-linux-gnu/8.0.0/../../..] ==> [/usr/local/lib]
  implicit libs: [stdc++;m;c]
  implicit dirs: [/usr/local/lib/gcc/x86_64-pc-linux-gnu/8.0.0;/usr/local/lib64;/lib64;/usr/lib64;/opt/intel/compilers_and_libraries_2017.4.196/linux/ipp/lib/intel64;/opt/intel/compilers_and_libraries_2017.4.196/linux/compiler/lib/intel64_lin;/opt/intel/compilers_and_libraries_2017.4.196/linux/mkl/lib/intel64_lin;/opt/intel/compilers_and_libraries_2017.4.196/linux/tbb/lib/intel64/gcc4.7;/opt/intel/compilers_and_libraries_2017.4.196/linux/daal/lib/intel64_lin;/opt/intel/compilers_and_libraries_2017.4.196/linux/tbb/lib/intel64_lin/gcc4.4;/opt/intel/compilers_and_libraries_2018.0.128/linux/tbb/lib/intel64_lin/gcc4.7;/opt/intel/compilers_and_libraries_2018.0.128/linux/compiler/lib/intel64_lin;/opt/intel/compilers_and_libraries_2018.0.128/linux/mkl/lib/intel64_lin;/usr/local/x86_64-pc-linux-gnu/lib;/usr/local/lib]
  implicit fwks: []




Detecting CXX [-std=c++14] compiler features compiled with the following output:
Change Dir: /home/wuhui/mkl-dnn/cmake/CMakeFiles/CMakeTmp

Run Build Command:"/usr/bin/gmake" "cmTC_2812a/fast"
/usr/bin/gmake -f CMakeFiles/cmTC_2812a.dir/build.make CMakeFiles/cmTC_2812a.dir/build
gmake[1]: Entering directory `/home/wuhui/mkl-dnn/cmake/CMakeFiles/CMakeTmp'
Building CXX object CMakeFiles/cmTC_2812a.dir/feature_tests.cxx.o
/usr/local/bin/g++     -std=c++14 -o CMakeFiles/cmTC_2812a.dir/feature_tests.cxx.o -c /home/wuhui/mkl-dnn/cmake/CMakeFiles/feature_tests.cxx
Linking CXX executable cmTC_2812a
/usr/local/bin/cmake -E cmake_link_script CMakeFiles/cmTC_2812a.dir/link.txt --verbose=1
/usr/local/bin/g++        CMakeFiles/cmTC_2812a.dir/feature_tests.cxx.o  -o cmTC_2812a 
gmake[1]: Leaving directory `/home/wuhui/mkl-dnn/cmake/CMakeFiles/CMakeTmp'


    Feature record: CXX_FEATURE:1cxx_aggregate_default_initializers
    Feature record: CXX_FEATURE:1cxx_alias_templates
    Feature record: CXX_FEATURE:1cxx_alignas
    Feature record: CXX_FEATURE:1cxx_alignof
    Feature record: CXX_FEATURE:1cxx_attributes
    Feature record: CXX_FEATURE:1cxx_attribute_deprecated
    Feature record: CXX_FEATURE:1cxx_auto_type
    Feature record: CXX_FEATURE:1cxx_binary_literals
    Feature record: CXX_FEATURE:1cxx_constexpr
    Feature record: CXX_FEATURE:1cxx_contextual_conversions
    Feature record: CXX_FEATURE:1cxx_decltype
    Feature record: CXX_FEATURE:1cxx_decltype_auto
    Feature record: CXX_FEATURE:1cxx_decltype_incomplete_return_types
    Feature record: CXX_FEATURE:1cxx_default_function_template_args
    Feature record: CXX_FEATURE:1cxx_defaulted_functions
    Feature record: CXX_FEATURE:1cxx_defaulted_move_initializers
    Feature record: CXX_FEATURE:1cxx_delegating_constructors
    Feature record: CXX_FEATURE:1cxx_deleted_functions
    Feature record: CXX_FEATURE:1cxx_digit_separators
    Feature record: CXX_FEATURE:1cxx_enum_forward_declarations
    Feature record: CXX_FEATURE:1cxx_explicit_conversions
    Feature record: CXX_FEATURE:1cxx_extended_friend_declarations
    Feature record: CXX_FEATURE:1cxx_extern_templates
    Feature record: CXX_FEATURE:1cxx_final
    Feature record: CXX_FEATURE:1cxx_func_identifier
    Feature record: CXX_FEATURE:1cxx_generalized_initializers
    Feature record: CXX_FEATURE:1cxx_generic_lambdas
    Feature record: CXX_FEATURE:1cxx_inheriting_constructors
    Feature record: CXX_FEATURE:1cxx_inline_namespaces
    Feature record: CXX_FEATURE:1cxx_lambdas
    Feature record: CXX_FEATURE:1cxx_lambda_init_captures
    Feature record: CXX_FEATURE:1cxx_local_type_template_args
    Feature record: CXX_FEATURE:1cxx_long_long_type
    Feature record: CXX_FEATURE:1cxx_noexcept
    Feature record: CXX_FEATURE:1cxx_nonstatic_member_init
    Feature record: CXX_FEATURE:1cxx_nullptr
    Feature record: CXX_FEATURE:1cxx_override
    Feature record: CXX_FEATURE:1cxx_range_for
    Feature record: CXX_FEATURE:1cxx_raw_string_literals
    Feature record: CXX_FEATURE:1cxx_reference_qualified_functions
    Feature record: CXX_FEATURE:1cxx_relaxed_constexpr
    Feature record: CXX_FEATURE:1cxx_return_type_deduction
    Feature record: CXX_FEATURE:1cxx_right_angle_brackets
    Feature record: CXX_FEATURE:1cxx_rvalue_references
    Feature record: CXX_FEATURE:1cxx_sizeof_member
    Feature record: CXX_FEATURE:1cxx_static_assert
    Feature record: CXX_FEATURE:1cxx_strong_enums
    Feature record: CXX_FEATURE:1cxx_template_template_parameters
    Feature record: CXX_FEATURE:1cxx_thread_local
    Feature record: CXX_FEATURE:1cxx_trailing_return_types
    Feature record: CXX_FEATURE:1cxx_unicode_literals
    Feature record: CXX_FEATURE:1cxx_uniform_initialization
    Feature record: CXX_FEATURE:1cxx_unrestricted_unions
    Feature record: CXX_FEATURE:1cxx_user_literals
    Feature record: CXX_FEATURE:1cxx_variable_templates
    Feature record: CXX_FEATURE:1cxx_variadic_macros
    Feature record: CXX_FEATURE:1cxx_variadic_templates


Detecting CXX [-std=c++11] compiler features compiled with the following output:
Change Dir: /home/wuhui/mkl-dnn/cmake/CMakeFiles/CMakeTmp

Run Build Command:"/usr/bin/gmake" "cmTC_5ca57/fast"
/usr/bin/gmake -f CMakeFiles/cmTC_5ca57.dir/build.make CMakeFiles/cmTC_5ca57.dir/build
gmake[1]: Entering directory `/home/wuhui/mkl-dnn/cmake/CMakeFiles/CMakeTmp'
Building CXX object CMakeFiles/cmTC_5ca57.dir/feature_tests.cxx.o
/usr/local/bin/g++     -std=c++11 -o CMakeFiles/cmTC_5ca57.dir/feature_tests.cxx.o -c /home/wuhui/mkl-dnn/cmake/CMakeFiles/feature_tests.cxx
Linking CXX executable cmTC_5ca57
/usr/local/bin/cmake -E cmake_link_script CMakeFiles/cmTC_5ca57.dir/link.txt --verbose=1
/usr/local/bin/g++        CMakeFiles/cmTC_5ca57.dir/feature_tests.cxx.o  -o cmTC_5ca57 
gmake[1]: Leaving directory `/home/wuhui/mkl-dnn/cmake/CMakeFiles/CMakeTmp'


    Feature record: CXX_FEATURE:0cxx_aggregate_default_initializers
    Feature record: CXX_FEATURE:1cxx_alias_templates
    Feature record: CXX_FEATURE:1cxx_alignas
    Feature record: CXX_FEATURE:1cxx_alignof
    Feature record: CXX_FEATURE:1cxx_attributes
    Feature record: CXX_FEATURE:0cxx_attribute_deprecated
    Feature record: CXX_FEATURE:1cxx_auto_type
    Feature record: CXX_FEATURE:0cxx_binary_literals
    Feature record: CXX_FEATURE:1cxx_constexpr
    Feature record: CXX_FEATURE:0cxx_contextual_conversions
    Feature record: CXX_FEATURE:1cxx_decltype
    Feature record: CXX_FEATURE:0cxx_decltype_auto
    Feature record: CXX_FEATURE:1cxx_decltype_incomplete_return_types
    Feature record: CXX_FEATURE:1cxx_default_function_template_args
    Feature record: CXX_FEATURE:1cxx_defaulted_functions
    Feature record: CXX_FEATURE:1cxx_defaulted_move_initializers
    Feature record: CXX_FEATURE:1cxx_delegating_constructors
    Feature record: CXX_FEATURE:1cxx_deleted_functions
    Feature record: CXX_FEATURE:0cxx_digit_separators
    Feature record: CXX_FEATURE:1cxx_enum_forward_declarations
    Feature record: CXX_FEATURE:1cxx_explicit_conversions
    Feature record: CXX_FEATURE:1cxx_extended_friend_declarations
    Feature record: CXX_FEATURE:1cxx_extern_templates
    Feature record: CXX_FEATURE:1cxx_final
    Feature record: CXX_FEATURE:1cxx_func_identifier
    Feature record: CXX_FEATURE:1cxx_generalized_initializers
    Feature record: CXX_FEATURE:0cxx_generic_lambdas
    Feature record: CXX_FEATURE:1cxx_inheriting_constructors
    Feature record: CXX_FEATURE:1cxx_inline_namespaces
    Feature record: CXX_FEATURE:1cxx_lambdas
    Feature record: CXX_FEATURE:0cxx_lambda_init_captures
    Feature record: CXX_FEATURE:1cxx_local_type_template_args
    Feature record: CXX_FEATURE:1cxx_long_long_type
    Feature record: CXX_FEATURE:1cxx_noexcept
    Feature record: CXX_FEATURE:1cxx_nonstatic_member_init
    Feature record: CXX_FEATURE:1cxx_nullptr
    Feature record: CXX_FEATURE:1cxx_override
    Feature record: CXX_FEATURE:1cxx_range_for
    Feature record: CXX_FEATURE:1cxx_raw_string_literals
    Feature record: CXX_FEATURE:1cxx_reference_qualified_functions
    Feature record: CXX_FEATURE:0cxx_relaxed_constexpr
    Feature record: CXX_FEATURE:0cxx_return_type_deduction
    Feature record: CXX_FEATURE:1cxx_right_angle_brackets
    Feature record: CXX_FEATURE:1cxx_rvalue_references
    Feature record: CXX_FEATURE:1cxx_sizeof_member
    Feature record: CXX_FEATURE:1cxx_static_assert
    Feature record: CXX_FEATURE:1cxx_strong_enums
    Feature record: CXX_FEATURE:1cxx_template_template_parameters
    Feature record: CXX_FEATURE:1cxx_thread_local
    Feature record: CXX_FEATURE:1cxx_trailing_return_types
    Feature record: CXX_FEATURE:1cxx_unicode_literals
    Feature record: CXX_FEATURE:1cxx_uniform_initialization
    Feature record: CXX_FEATURE:1cxx_unrestricted_unions
    Feature record: CXX_FEATURE:1cxx_user_literals
    Feature record: CXX_FEATURE:0cxx_variable_templates
    Feature record: CXX_FEATURE:1cxx_variadic_macros
    Feature record: CXX_FEATURE:1cxx_variadic_templates


Detecting CXX [-std=c++98] compiler features compiled with the following output:
Change Dir: /home/wuhui/mkl-dnn/cmake/CMakeFiles/CMakeTmp

Run Build Command:"/usr/bin/gmake" "cmTC_e42e0/fast"
/usr/bin/gmake -f CMakeFiles/cmTC_e42e0.dir/build.make CMakeFiles/cmTC_e42e0.dir/build
gmake[1]: Entering directory `/home/wuhui/mkl-dnn/cmake/CMakeFiles/CMakeTmp'
Building CXX object CMakeFiles/cmTC_e42e0.dir/feature_tests.cxx.o
/usr/local/bin/g++     -std=c++98 -o CMakeFiles/cmTC_e42e0.dir/feature_tests.cxx.o -c /home/wuhui/mkl-dnn/cmake/CMakeFiles/feature_tests.cxx
Linking CXX executable cmTC_e42e0
/usr/local/bin/cmake -E cmake_link_script CMakeFiles/cmTC_e42e0.dir/link.txt --verbose=1
/usr/local/bin/g++        CMakeFiles/cmTC_e42e0.dir/feature_tests.cxx.o  -o cmTC_e42e0 
gmake[1]: Leaving directory `/home/wuhui/mkl-dnn/cmake/CMakeFiles/CMakeTmp'


    Feature record: CXX_FEATURE:0cxx_aggregate_default_initializers
    Feature record: CXX_FEATURE:0cxx_alias_templates
    Feature record: CXX_FEATURE:0cxx_alignas
    Feature record: CXX_FEATURE:0cxx_alignof
    Feature record: CXX_FEATURE:0cxx_attributes
    Feature record: CXX_FEATURE:0cxx_attribute_deprecated
    Feature record: CXX_FEATURE:0cxx_auto_type
    Feature record: CXX_FEATURE:0cxx_binary_literals
    Feature record: CXX_FEATURE:0cxx_constexpr
    Feature record: CXX_FEATURE:0cxx_contextual_conversions
    Feature record: CXX_FEATURE:0cxx_decltype
    Feature record: CXX_FEATURE:0cxx_decltype_auto
    Feature record: CXX_FEATURE:0cxx_decltype_incomplete_return_types
    Feature record: CXX_FEATURE:0cxx_default_function_template_args
    Feature record: CXX_FEATURE:0cxx_defaulted_functions
    Feature record: CXX_FEATURE:0cxx_defaulted_move_initializers
    Feature record: CXX_FEATURE:0cxx_delegating_constructors
    Feature record: CXX_FEATURE:0cxx_deleted_functions
    Feature record: CXX_FEATURE:0cxx_digit_separators
    Feature record: CXX_FEATURE:0cxx_enum_forward_declarations
    Feature record: CXX_FEATURE:0cxx_explicit_conversions
    Feature record: CXX_FEATURE:0cxx_extended_friend_declarations
    Feature record: CXX_FEATURE:0cxx_extern_templates
    Feature record: CXX_FEATURE:0cxx_final
    Feature record: CXX_FEATURE:0cxx_func_identifier
    Feature record: CXX_FEATURE:0cxx_generalized_initializers
    Feature record: CXX_FEATURE:0cxx_generic_lambdas
    Feature record: CXX_FEATURE:0cxx_inheriting_constructors
    Feature record: CXX_FEATURE:0cxx_inline_namespaces
    Feature record: CXX_FEATURE:0cxx_lambdas
    Feature record: CXX_FEATURE:0cxx_lambda_init_captures
    Feature record: CXX_FEATURE:0cxx_local_type_template_args
    Feature record: CXX_FEATURE:0cxx_long_long_type
    Feature record: CXX_FEATURE:0cxx_noexcept
    Feature record: CXX_FEATURE:0cxx_nonstatic_member_init
    Feature record: CXX_FEATURE:0cxx_nullptr
    Feature record: CXX_FEATURE:0cxx_override
    Feature record: CXX_FEATURE:0cxx_range_for
    Feature record: CXX_FEATURE:0cxx_raw_string_literals
    Feature record: CXX_FEATURE:0cxx_reference_qualified_functions
    Feature record: CXX_FEATURE:0cxx_relaxed_constexpr
    Feature record: CXX_FEATURE:0cxx_return_type_deduction
    Feature record: CXX_FEATURE:0cxx_right_angle_brackets
    Feature record: CXX_FEATURE:0cxx_rvalue_references
    Feature record: CXX_FEATURE:0cxx_sizeof_member
    Feature record: CXX_FEATURE:0cxx_static_assert
    Feature record: CXX_FEATURE:0cxx_strong_enums
    Feature record: CXX_FEATURE:1cxx_template_template_parameters
    Feature record: CXX_FEATURE:0cxx_thread_local
    Feature record: CXX_FEATURE:0cxx_trailing_return_types
    Feature record: CXX_FEATURE:0cxx_unicode_literals
    Feature record: CXX_FEATURE:0cxx_uniform_initialization
    Feature record: CXX_FEATURE:0cxx_unrestricted_unions
    Feature record: CXX_FEATURE:0cxx_user_literals
    Feature record: CXX_FEATURE:0cxx_variable_templates
    Feature record: CXX_FEATURE:0cxx_variadic_macros
    Feature record: CXX_FEATURE:0cxx_variadic_templates
Performing C SOURCE FILE Test OpenMP_FLAG_DETECTED succeeded with the following output:
Change Dir: /home/wuhui/mkl-dnn/cmake/CMakeFiles/CMakeTmp

Run Build Command:"/usr/bin/gmake" "cmTC_a19b1/fast"
/usr/bin/gmake -f CMakeFiles/cmTC_a19b1.dir/build.make CMakeFiles/cmTC_a19b1.dir/build
gmake[1]: Entering directory `/home/wuhui/mkl-dnn/cmake/CMakeFiles/CMakeTmp'
Building C object CMakeFiles/cmTC_a19b1.dir/src.c.o
/usr/local/bin/gcc    -std=c99   -Wall -Wno-unknown-pragmas -Wno-unused-but-set-variable -Wno-unused-variable -Werror -fvisibility=internal -march=native -mtune=native -DOpenMP_FLAG_DETECTED -fopenmp   -o CMakeFiles/cmTC_a19b1.dir/src.c.o   -c /home/wuhui/mkl-dnn/cmake/CMakeFiles/CMakeTmp/src.c
Linking C executable cmTC_a19b1
/usr/local/bin/cmake -E cmake_link_script CMakeFiles/cmTC_a19b1.dir/link.txt --verbose=1
/usr/local/bin/gcc   -std=c99   -Wall -Wno-unknown-pragmas -Wno-unused-but-set-variable -Wno-unused-variable -Werror -fvisibility=internal -march=native -mtune=native -DOpenMP_FLAG_DETECTED -fopenmp    CMakeFiles/cmTC_a19b1.dir/src.c.o  -o cmTC_a19b1 
gmake[1]: Leaving directory `/home/wuhui/mkl-dnn/cmake/CMakeFiles/CMakeTmp'

Source file was:

#include <omp.h>
int main() {
#ifdef _OPENMP
  return 0;
#else
  breaks_on_purpose
#endif
}

Performing C++ SOURCE FILE Test OpenMP_FLAG_DETECTED succeeded with the following output:
Change Dir: /home/wuhui/mkl-dnn/cmake/CMakeFiles/CMakeTmp

Run Build Command:"/usr/bin/gmake" "cmTC_d9235/fast"
/usr/bin/gmake -f CMakeFiles/cmTC_d9235.dir/build.make CMakeFiles/cmTC_d9235.dir/build
gmake[1]: Entering directory `/home/wuhui/mkl-dnn/cmake/CMakeFiles/CMakeTmp'
Building CXX object CMakeFiles/cmTC_d9235.dir/src.cxx.o
/usr/local/bin/g++     -std=c++11 -fvisibility-inlines-hidden   -Wall -Wno-unknown-pragmas -Wno-unused-but-set-variable -Wno-unused-variable -Werror -fvisibility=internal -march=native -mtune=native -DOpenMP_FLAG_DETECTED -fopenmp   -o CMakeFiles/cmTC_d9235.dir/src.cxx.o -c /home/wuhui/mkl-dnn/cmake/CMakeFiles/CMakeTmp/src.cxx
Linking CXX executable cmTC_d9235
/usr/local/bin/cmake -E cmake_link_script CMakeFiles/cmTC_d9235.dir/link.txt --verbose=1
/usr/local/bin/g++    -std=c++11 -fvisibility-inlines-hidden   -Wall -Wno-unknown-pragmas -Wno-unused-but-set-variable -Wno-unused-variable -Werror -fvisibility=internal -march=native -mtune=native -DOpenMP_FLAG_DETECTED -fopenmp    CMakeFiles/cmTC_d9235.dir/src.cxx.o  -o cmTC_d9235 
gmake[1]: Leaving directory `/home/wuhui/mkl-dnn/cmake/CMakeFiles/CMakeTmp'

Source file was:

#include <omp.h>
int main() {
#ifdef _OPENMP
  return 0;
#else
  breaks_on_purpose
#endif
}

Determining if the include file pthread.h exists passed with the following output:
Change Dir: /home/wuhui/mkl-dnn/cmake/CMakeFiles/CMakeTmp

Run Build Command:"/usr/bin/gmake" "cmTC_c0e06/fast"
/usr/bin/gmake -f CMakeFiles/cmTC_c0e06.dir/build.make CMakeFiles/cmTC_c0e06.dir/build
gmake[1]: Entering directory `/home/wuhui/mkl-dnn/cmake/CMakeFiles/CMakeTmp'
Building C object CMakeFiles/cmTC_c0e06.dir/CheckIncludeFile.c.o
/usr/local/bin/gcc    -std=c99   -Wall -Wno-unknown-pragmas -Wno-unused-but-set-variable -Wno-unused-variable -Werror -fvisibility=internal -march=native -mtune=native -fopenmp -fPIC -Wformat -Wformat-security -fstack-protector-strong -Wno-deprecated-declarations    -o CMakeFiles/cmTC_c0e06.dir/CheckIncludeFile.c.o   -c /home/wuhui/mkl-dnn/cmake/CMakeFiles/CMakeTmp/CheckIncludeFile.c
Linking C executable cmTC_c0e06
/usr/local/bin/cmake -E cmake_link_script CMakeFiles/cmTC_c0e06.dir/link.txt --verbose=1
/usr/local/bin/gcc   -std=c99   -Wall -Wno-unknown-pragmas -Wno-unused-but-set-variable -Wno-unused-variable -Werror -fvisibility=internal -march=native -mtune=native -fopenmp -fPIC -Wformat -Wformat-security -fstack-protector-strong -Wno-deprecated-declarations    -pie -Wl,-z,noexecstack -Wl,-z,relro -Wl,-z,now  CMakeFiles/cmTC_c0e06.dir/CheckIncludeFile.c.o  -o cmTC_c0e06 
gmake[1]: Leaving directory `/home/wuhui/mkl-dnn/cmake/CMakeFiles/CMakeTmp'


Determining if the pthread_create exist passed with the following output:
Change Dir: /home/wuhui/mkl-dnn/cmake/CMakeFiles/CMakeTmp

Run Build Command:"/usr/bin/gmake" "cmTC_917d1/fast"
/usr/bin/gmake -f CMakeFiles/cmTC_917d1.dir/build.make CMakeFiles/cmTC_917d1.dir/build
gmake[1]: Entering directory `/home/wuhui/mkl-dnn/cmake/CMakeFiles/CMakeTmp'
Building C object CMakeFiles/cmTC_917d1.dir/CheckSymbolExists.c.o
/usr/local/bin/gcc    -std=c99   -Wall -Wno-unknown-pragmas -Wno-unused-but-set-variable -Wno-unused-variable -Werror -fvisibility=internal -march=native -mtune=native -fopenmp -fPIC -Wformat -Wformat-security -fstack-protector-strong -Wno-deprecated-declarations    -o CMakeFiles/cmTC_917d1.dir/CheckSymbolExists.c.o   -c /home/wuhui/mkl-dnn/cmake/CMakeFiles/CMakeTmp/CheckSymbolExists.c
Linking C executable cmTC_917d1
/usr/local/bin/cmake -E cmake_link_script CMakeFiles/cmTC_917d1.dir/link.txt --verbose=1
/usr/local/bin/gcc   -std=c99   -Wall -Wno-unknown-pragmas -Wno-unused-but-set-variable -Wno-unused-variable -Werror -fvisibility=internal -march=native -mtune=native -fopenmp -fPIC -Wformat -Wformat-security -fstack-protector-strong -Wno-deprecated-declarations    -pie -Wl,-z,noexecstack -Wl,-z,relro -Wl,-z,now  CMakeFiles/cmTC_917d1.dir/CheckSymbolExists.c.o  -o cmTC_917d1 
gmake[1]: Leaving directory `/home/wuhui/mkl-dnn/cmake/CMakeFiles/CMakeTmp'

File /home/wuhui/mkl-dnn/cmake/CMakeFiles/CMakeTmp/CheckSymbolExists.c:
/* */
#include <pthread.h>

int main(int argc, char** argv)
{
  (void)argv;
#ifndef pthread_create
  return ((int*)(&pthread_create))[argc];
#else
  (void)argc;
  return 0;
#endif
}

